<?xml version="1.0" encoding="UTF-8"?>
<testng-results ignored="0" total="1" passed="1" failed="0" skipped="0">
  <reporter-output>
  </reporter-output>
  <suite started-at="2023-03-22T21:18:40 WIB" name="All Test Suite" finished-at="2023-03-22T21:18:45 WIB" duration-ms="5124">
    <groups>
      <group name="cucumber">
        <method signature="AbstractTestNGCucumberTests.runScenario(io.cucumber.testng.PickleWrapper,io.cucumber.testng.FeatureWrapper)[pri:0, instance:Runners.Run@247d8ae]" name="runScenario" class="io.cucumber.testng.AbstractTestNGCucumberTests"/>
      </group> <!-- cucumber -->
    </groups>
    <test started-at="2023-03-22T21:18:40 WIB" name="/Users/muhammadriduwan4747/Documents/learn-unit-test/maven-bdd-selenium" finished-at="2023-03-22T21:18:45 WIB" duration-ms="5124">
      <class name="Runners.Run">
        <test-method is-config="true" signature="setUpClass()[pri:0, instance:Runners.Run@247d8ae]" started-at="2023-03-22T21:18:40 WIB" name="setUpClass" finished-at="2023-03-22T21:18:40 WIB" duration-ms="337" status="PASS">
          <reporter-output>
          </reporter-output>
        </test-method> <!-- setUpClass -->
        <test-method signature="runScenario(io.cucumber.testng.PickleWrapper,io.cucumber.testng.FeatureWrapper)[pri:0, instance:Runners.Run@247d8ae]" started-at="2023-03-22T21:18:40 WIB" name="runScenario" description="Runs Cucumber Scenarios" data-provider="scenarios" finished-at="2023-03-22T21:18:45 WIB" duration-ms="4668" status="PASS">
          <params>
            <param index="0">
              <value>
                <![CDATA["Check for login page"]]>
              </value>
            </param>
            <param index="1">
              <value>
                <![CDATA["Optional[Web login]"]]>
              </value>
            </param>
          </params>
          <reporter-output>
          </reporter-output>
        </test-method> <!-- runScenario -->
        <test-method is-config="true" signature="tearDownClass()[pri:0, instance:Runners.Run@247d8ae]" started-at="2023-03-22T21:18:45 WIB" name="tearDownClass" finished-at="2023-03-22T21:18:45 WIB" duration-ms="91" status="PASS">
          <reporter-output>
          </reporter-output>
        </test-method> <!-- tearDownClass -->
      </class> <!-- Runners.Run -->
    </test> <!-- /Users/muhammadriduwan4747/Documents/learn-unit-test/maven-bdd-selenium -->
  </suite> <!-- All Test Suite -->
</testng-results>
