<?xml version="1.0" encoding="UTF-8"?>
<testng-results ignored="0" total="1" passed="0" failed="1" skipped="0">
  <reporter-output>
  </reporter-output>
  <suite started-at="2023-03-23T19:58:05 WIB" name="All Test Suite" finished-at="2023-03-23T19:58:05 WIB" duration-ms="434">
    <groups>
      <group name="cucumber">
        <method signature="AbstractTestNGCucumberTests.runScenario(io.cucumber.testng.PickleWrapper,io.cucumber.testng.FeatureWrapper)[pri:0, instance:Runners.Run@247d8ae]" name="runScenario" class="io.cucumber.testng.AbstractTestNGCucumberTests"/>
      </group> <!-- cucumber -->
    </groups>
    <test started-at="2023-03-23T19:58:05 WIB" name="/Users/muhammadriduwan4747/Documents/learn-unit-test/maven-bdd-selenium" finished-at="2023-03-23T19:58:05 WIB" duration-ms="434">
      <class name="Runners.Run">
        <test-method is-config="true" signature="setUpClass()[pri:0, instance:Runners.Run@247d8ae]" started-at="2023-03-23T19:58:05 WIB" name="setUpClass" finished-at="2023-03-23T19:58:05 WIB" duration-ms="214" status="PASS">
          <reporter-output>
          </reporter-output>
        </test-method> <!-- setUpClass -->
        <test-method signature="runScenario(io.cucumber.testng.PickleWrapper,io.cucumber.testng.FeatureWrapper)[pri:0, instance:Runners.Run@247d8ae]" started-at="2023-03-23T19:58:05 WIB" name="runScenario" description="Runs Cucumber Scenarios" data-provider="scenarios" finished-at="2023-03-23T19:58:05 WIB" duration-ms="172" status="FAIL">
          <params>
            <param index="0">
              <value>
                <![CDATA["User should be able to login with valid credentials"]]>
              </value>
            </param>
            <param index="1">
              <value>
                <![CDATA["Optional[Web login]"]]>
              </value>
            </param>
          </params>
          <exception class="java.lang.IllegalStateException">
            <message>
              <![CDATA[The driver executable must exist: /Users/muhammadriduwan4747/Documents/learn-unit-test/maven-bdd-selenium/linuxchromedriver]]>
            </message>
            <full-stacktrace>
              <![CDATA[java.lang.IllegalStateException: The driver executable must exist: /Users/muhammadriduwan4747/Documents/learn-unit-test/maven-bdd-selenium/linuxchromedriver
at org.openqa.selenium.internal.Require$FileStateChecker.isFile(Require.java:345)
at org.openqa.selenium.remote.service.DriverService.checkExecutable(DriverService.java:161)
at org.openqa.selenium.remote.service.DriverService.findExecutable(DriverService.java:156)
at org.openqa.selenium.chrome.ChromeDriverService.access$000(ChromeDriverService.java:42)
at org.openqa.selenium.chrome.ChromeDriverService$Builder.findDefaultExecutable(ChromeDriverService.java:315)
at org.openqa.selenium.remote.service.DriverService$Builder.build(DriverService.java:456)
at org.openqa.selenium.chrome.ChromeDriverService.createServiceWithConfig(ChromeDriverService.java:165)
at org.openqa.selenium.chrome.ChromeDriver.<init>(ChromeDriver.java:71)
at StepDefinitions.Steps.setup(Steps.java:19)
]]>
            </full-stacktrace>
          </exception> <!-- java.lang.IllegalStateException -->
          <reporter-output>
          </reporter-output>
        </test-method> <!-- runScenario -->
        <test-method is-config="true" signature="tearDownClass()[pri:0, instance:Runners.Run@247d8ae]" started-at="2023-03-23T19:58:05 WIB" name="tearDownClass" finished-at="2023-03-23T19:58:05 WIB" duration-ms="8" status="PASS">
          <reporter-output>
          </reporter-output>
        </test-method> <!-- tearDownClass -->
      </class> <!-- Runners.Run -->
    </test> <!-- /Users/muhammadriduwan4747/Documents/learn-unit-test/maven-bdd-selenium -->
  </suite> <!-- All Test Suite -->
</testng-results>
