<?xml version="1.0" encoding="UTF-8"?>
<testsuite xmlns:xsi="http://www.w3.org/2001/XMLSchema-instance" xsi:noNamespaceSchemaLocation="https://maven.apache.org/surefire/maven-surefire-plugin/xsd/surefire-test-report-3.0.xsd" version="3.0" name="TestSuite" time="0.829" tests="1" errors="0" skipped="0" failures="1">
  <properties>
[...]
</properties>
  <testcase name="runScenario[&quot;User should be able to login with valid credentials&quot;, &quot;Optional[Web login]&quot;](1)" classname="Runners.Run" time="0.176">
    <failure message="The driver executable must exist: /Users/muhammadriduwan4747/Documents/learn-unit-test/maven-bdd-selenium/linuxchromedriver" type="java.lang.IllegalStateException"><![CDATA[java.lang.IllegalStateException: The driver executable must exist: /Users/muhammadriduwan4747/Documents/learn-unit-test/maven-bdd-selenium/linuxchromedriver
]]></failure>
    <system-out><![CDATA[Hello After
]]></system-out>
  </testcase>
</testsuite>