<?xml version="1.0" encoding="UTF-8"?>
<!-- Generated by org.testng.reporters.JUnitXMLReporter -->
<testsuite ignored="0" hostname="Muhammads-MacBook-Pro-2.local" failures="0" tests="1" name="/Users/muhammadriduwan4747/Documents/learn-unit-test/maven-bdd-selenium" time="9.264" errors="0" timestamp="2023-03-22T13:23:08 WIB">
  <testcase classname="io.cucumber.testng.AbstractTestNGCucumberTests" name="runScenario" time="9.019"/>
</testsuite> <!-- /Users/muhammadriduwan4747/Documents/learn-unit-test/maven-bdd-selenium -->
